<?xml version="1.0" encoding="UTF-8"?>
<!-- Generated by org.testng.reporters.JUnitReportReporter -->
<testsuite skipped="2" hostname="DELLDQRHWX1" name="com.stta.SuiteOne.SuiteOneCaseOne" tests="2" failures="0" timestamp="14 Oct 2016 14:54:38 GMT" time="0.002" errors="0">
  <testcase name="SuiteOneCaseOneTest" time="0.001" classname="com.stta.SuiteOne.SuiteOneCaseOne">
    <skipped/>
  </testcase> <!-- SuiteOneCaseOneTest -->
  <testcase name="SuiteOneCaseOneTest" time="0.001" classname="com.stta.SuiteOne.SuiteOneCaseOne">
    <skipped/>
  </testcase> <!-- SuiteOneCaseOneTest -->
</testsuite> <!-- com.stta.SuiteOne.SuiteOneCaseOne -->
