<?xml version="1.0" encoding="UTF-8"?>
<!-- Generated by org.testng.reporters.JUnitReportReporter -->
<testsuite skipped="2" hostname="DELLDQRHWX1" name="com.stta.SuiteOne.SuiteOneCaseTwo" tests="2" failures="0" timestamp="14 Oct 2016 14:54:38 GMT" time="0.002" errors="0">
  <testcase name="SuiteOneCaseTwoTest" time="0.001" classname="com.stta.SuiteOne.SuiteOneCaseTwo">
    <skipped/>
  </testcase> <!-- SuiteOneCaseTwoTest -->
  <testcase name="SuiteOneCaseTwoTest" time="0.001" classname="com.stta.SuiteOne.SuiteOneCaseTwo">
    <skipped/>
  </testcase> <!-- SuiteOneCaseTwoTest -->
</testsuite> <!-- com.stta.SuiteOne.SuiteOneCaseTwo -->
